--0.11@
-Fixed bugs with Rengar and Leona@
-Fixed a bug with AA resets@
-Fixed AA reset last hit timings@
-Fixed bug when playing vs. Illaoi@
-Fixed bug with ForcePoint API@
--0.09@
-Fixed skill farm timings@
-Added more developer API@
--0.05@
-Added Lucian Q to targeted spells@
-Fixed LowFPS circle drawings@
-Rewrote much of the turret farming@
-Fixed some menu bugs@
--0.03@
-Small fixes to Kalista and Graves AA's@
-Fixed Spoils of War execute damage@
--0.02@
-Fixed minion bonus damages@
-Added API for developers (check thread)@
--0.01@
-Initial version, please report any bugs@
